2023-04-02 17:17:07.330 [info] Nivel de registro: Info
2023-04-02 17:17:07.330 [info] La validación encontró GIT en: “git“
2023-04-02 17:17:07.330 [info] Usando GIT “2.25.1” desde “git”
2023-04-02 17:17:07.330 [info] > git rev-parse --show-toplevel [4ms]
2023-04-02 17:17:07.330 [info] > git rev-parse --git-dir --git-common-dir [1ms]
2023-04-02 17:17:07.330 [info] Open repository: /home/lrb96
2023-04-02 17:17:07.330 [info] > git rev-parse --show-toplevel [7ms]
2023-04-02 17:17:07.330 [info] > git config --get commit.template [7ms]
2023-04-02 17:17:07.330 [info] > git rev-parse --show-toplevel [5ms]
2023-04-02 17:17:07.368 [info] > git rev-parse --show-toplevel [35ms]
2023-04-02 17:17:07.375 [info] > git rev-parse --show-toplevel [5ms]
2023-04-02 17:17:07.378 [info] > git for-each-ref --format=%(refname)%00%(upstream:short)%00%(objectname)%00%(upstream:track)%00%(upstream:remotename)%00%(upstream:remoteref) refs/heads/master refs/remotes/master [11ms]
2023-04-02 17:17:07.439 [info] > git status -z -uall [57ms]
2023-04-02 17:17:07.449 [info] > git config --get commit.template [0ms]
2023-04-02 17:17:07.453 [info] > git for-each-ref --format=%(refname)%00%(upstream:short)%00%(objectname)%00%(upstream:track)%00%(upstream:remotename)%00%(upstream:remoteref) refs/heads/master refs/remotes/master [2ms]
2023-04-02 17:17:07.512 [info] > git status -z -uall [56ms]
2023-04-02 17:17:07.829 [info] > git check-ignore -v -z --stdin [6ms]
2023-04-02 17:17:08.536 [info] > git fetch [1225ms]
2023-04-02 17:17:08.541 [info] > git config --get commit.template [3ms]
2023-04-02 17:17:08.541 [info] > git for-each-ref --format=%(refname)%00%(upstream:short)%00%(objectname)%00%(upstream:track)%00%(upstream:remotename)%00%(upstream:remoteref) refs/heads/master refs/remotes/master [1ms]
2023-04-02 17:17:08.586 [info] > git status -z -uall [43ms]
2023-04-02 17:17:12.274 [info] > git config --get commit.template [3ms]
2023-04-02 17:17:12.275 [info] > git for-each-ref --format=%(refname)%00%(upstream:short)%00%(objectname)%00%(upstream:track)%00%(upstream:remotename)%00%(upstream:remoteref) refs/heads/master refs/remotes/master [1ms]
2023-04-02 17:17:12.321 [info] > git status -z -uall [43ms]
2023-04-02 17:17:12.754 [info] > git check-ignore -v -z --stdin [8ms]
2023-04-02 17:17:14.348 [info] > git check-ignore -v -z --stdin [8ms]
2023-04-02 17:17:17.333 [info] > git config --get commit.template [1ms]
2023-04-02 17:17:17.341 [info] > git for-each-ref --format=%(refname)%00%(upstream:short)%00%(objectname)%00%(upstream:track)%00%(upstream:remotename)%00%(upstream:remoteref) refs/heads/master refs/remotes/master [1ms]
2023-04-02 17:17:17.417 [info] > git status -z -uall [68ms]
2023-04-02 17:17:25.342 [info] > git config --get commit.template [1ms]
2023-04-02 17:17:25.347 [info] > git for-each-ref --format=%(refname)%00%(upstream:short)%00%(objectname)%00%(upstream:track)%00%(upstream:remotename)%00%(upstream:remoteref) refs/heads/master refs/remotes/master [0ms]
2023-04-02 17:17:25.394 [info] > git status -z -uall [43ms]
2023-04-02 17:17:30.404 [info] > git config --get commit.template [1ms]
2023-04-02 17:17:30.409 [info] > git for-each-ref --format=%(refname)%00%(upstream:short)%00%(objectname)%00%(upstream:track)%00%(upstream:remotename)%00%(upstream:remoteref) refs/heads/master refs/remotes/master [1ms]
2023-04-02 17:17:30.459 [info] > git status -z -uall [46ms]
2023-04-02 17:17:35.466 [info] > git config --get commit.template [1ms]
2023-04-02 17:17:35.470 [info] > git for-each-ref --format=%(refname)%00%(upstream:short)%00%(objectname)%00%(upstream:track)%00%(upstream:remotename)%00%(upstream:remoteref) refs/heads/master refs/remotes/master [1ms]
2023-04-02 17:17:35.517 [info] > git status -z -uall [44ms]
2023-04-02 17:17:40.528 [info] > git config --get commit.template [4ms]
2023-04-02 17:17:40.529 [info] > git for-each-ref --format=%(refname)%00%(upstream:short)%00%(objectname)%00%(upstream:track)%00%(upstream:remotename)%00%(upstream:remoteref) refs/heads/master refs/remotes/master [2ms]
2023-04-02 17:17:40.574 [info] > git status -z -uall [43ms]
2023-04-02 17:17:45.582 [info] > git config --get commit.template [0ms]
2023-04-02 17:17:45.586 [info] > git for-each-ref --format=%(refname)%00%(upstream:short)%00%(objectname)%00%(upstream:track)%00%(upstream:remotename)%00%(upstream:remoteref) refs/heads/master refs/remotes/master [1ms]
2023-04-02 17:17:45.632 [info] > git status -z -uall [43ms]
2023-04-02 17:17:50.643 [info] > git config --get commit.template [4ms]
2023-04-02 17:17:50.643 [info] > git for-each-ref --format=%(refname)%00%(upstream:short)%00%(objectname)%00%(upstream:track)%00%(upstream:remotename)%00%(upstream:remoteref) refs/heads/master refs/remotes/master [0ms]
2023-04-02 17:17:50.690 [info] > git status -z -uall [44ms]
2023-04-02 17:17:55.700 [info] > git config --get commit.template [4ms]
2023-04-02 17:17:55.700 [info] > git for-each-ref --format=%(refname)%00%(upstream:short)%00%(objectname)%00%(upstream:track)%00%(upstream:remotename)%00%(upstream:remoteref) refs/heads/master refs/remotes/master [1ms]
2023-04-02 17:17:55.749 [info] > git status -z -uall [46ms]
2023-04-02 17:20:02.956 [info] > git config --get commit.template [2ms]
2023-04-02 17:20:02.962 [info] > git for-each-ref --format=%(refname)%00%(upstream:short)%00%(objectname)%00%(upstream:track)%00%(upstream:remotename)%00%(upstream:remoteref) refs/heads/master refs/remotes/master [1ms]
2023-04-02 17:20:03.014 [info] > git status -z -uall [49ms]
2023-04-02 17:20:08.049 [info] > git config --get commit.template [4ms]
2023-04-02 17:20:08.049 [info] > git for-each-ref --format=%(refname)%00%(upstream:short)%00%(objectname)%00%(upstream:track)%00%(upstream:remotename)%00%(upstream:remoteref) refs/heads/master refs/remotes/master [0ms]
2023-04-02 17:20:08.099 [info] > git status -z -uall [46ms]
2023-04-02 17:20:09.748 [info] > git fetch [1155ms]
2023-04-02 17:20:09.756 [info] > git config --get commit.template [3ms]
2023-04-02 17:20:09.756 [info] > git for-each-ref --format=%(refname)%00%(upstream:short)%00%(objectname)%00%(upstream:track)%00%(upstream:remotename)%00%(upstream:remoteref) refs/heads/master refs/remotes/master [0ms]
2023-04-02 17:20:09.807 [info] > git status -z -uall [47ms]
2023-04-02 17:20:12.126 [info] > git check-ignore -v -z --stdin [8ms]
2023-04-02 17:20:13.124 [info] > git config --get commit.template [1ms]
2023-04-02 17:20:13.128 [info] > git for-each-ref --format=%(refname)%00%(upstream:short)%00%(objectname)%00%(upstream:track)%00%(upstream:remotename)%00%(upstream:remoteref) refs/heads/master refs/remotes/master [0ms]
2023-04-02 17:20:13.181 [info] > git status -z -uall [49ms]
