[Info  - 3:02:41 PM] (1234) Pylance language server 2023.3.40 (pyright 04471971) starting
[Info  - 3:02:41 PM] (1234) Server root directory: /home/lrb96/.vscode-server/extensions/ms-python.vscode-pylance-2023.3.40/dist
[Info  - 3:02:41 PM] (1234) Starting service instance "librerias_python"
[Info  - 3:02:41 PM] (1234) Auto-indent enabled
[Info  - 3:02:41 PM] (1234) No configuration file found.
[Info  - 3:02:41 PM] (1234) No pyproject.toml file found.
[Info  - 3:02:41 PM] (1234) Setting pythonPath for service "librerias_python": "/bin/python3"
[Warn  - 3:02:41 PM] (1234) stubPath /home/lrb96/librerias_python/typings is not a valid directory.
[Info  - 3:02:42 PM] (1234) Assuming Python version 3.8
[Info  - 3:02:42 PM] (1234) Assuming Python platform Linux
[Info  - 3:02:42 PM] (1234) Searching for source files
[Info  - 3:02:42 PM] (1234) Auto-excluding /home/lrb96/librerias_python/ejercicios_python_platzi/venv
[Info  - 3:02:42 PM] (1234) Found 126 source files
[Info  - 3:02:42 PM] (1234) Background analysis(1) root directory: /home/lrb96/.vscode-server/extensions/ms-python.vscode-pylance-2023.3.40/dist
[Info  - 3:02:42 PM] (1234) Background analysis(1) started
[Info  - 3:02:42 PM] (1234) Indexer background runner(2) root directory: /home/lrb96/.vscode-server/extensions/ms-python.vscode-pylance-2023.3.40/dist (index)
[Info  - 3:02:42 PM] (1234) Indexing(2) started
[Info  - 3:02:42 PM] (1234) scanned(2) 104 files over 1 exec env
[Info  - 3:02:44 PM] (1234) indexed(2) 59 files over 1 exec env
[Info  - 3:02:44 PM] (1234) Indexing finished(2).
