2023-04-02 11:41:18.876 [info] Nivel de registro: Info
2023-04-02 11:41:18.876 [info] La validación encontró GIT en: “git“
2023-04-02 11:41:18.876 [info] Usando GIT “2.25.1” desde “git”
2023-04-02 11:41:18.879 [info] > git rev-parse --show-toplevel [28ms]
2023-04-02 11:41:19.139 [info] > git rev-parse --git-dir --git-common-dir [256ms]
2023-04-02 11:41:19.150 [info] Open repository: /home/lrb96
2023-04-02 11:41:19.176 [info] > git rev-parse --show-toplevel [20ms]
2023-04-02 11:41:19.193 [info] > git rev-parse --show-toplevel [12ms]
2023-04-02 11:41:19.199 [info] > git config --get commit.template [25ms]
2023-04-02 11:41:19.236 [info] > git rev-parse --show-toplevel [37ms]
2023-04-02 11:41:19.386 [info] > git rev-parse --show-toplevel [146ms]
2023-04-02 11:41:19.396 [info] > git rev-parse --show-toplevel [6ms]
2023-04-02 11:41:19.403 [info] > git for-each-ref --format=%(refname)%00%(upstream:short)%00%(objectname)%00%(upstream:track)%00%(upstream:remotename)%00%(upstream:remoteref) refs/heads/master refs/remotes/master [155ms]
2023-04-02 11:41:19.443 [info] > git rev-parse --show-toplevel [40ms]
2023-04-02 11:41:19.510 [info] > git status -z -uall [100ms] (cancelled)
2023-04-02 11:41:19.716 [info] > git check-ignore -v -z --stdin [4ms]
2023-04-02 11:41:20.309 [info] > git fetch [1159ms]
2023-04-02 11:41:20.415 [info] > git config --get commit.template [34ms]
2023-04-02 11:41:20.428 [info] > git for-each-ref --format=%(refname)%00%(upstream:short)%00%(objectname)%00%(upstream:track)%00%(upstream:remotename)%00%(upstream:remoteref) refs/heads/master refs/remotes/master [5ms]
2023-04-02 11:41:20.498 [info] > git status -z -uall [65ms] (cancelled)
2023-04-02 11:41:20.637 [info] > git config --get commit.template [2ms]
2023-04-02 11:41:21.418 [info] > git for-each-ref --format=%(refname)%00%(upstream:short)%00%(objectname)%00%(upstream:track)%00%(upstream:remotename)%00%(upstream:remoteref) refs/heads/master refs/remotes/master [9ms]
2023-04-02 11:41:21.618 [info] > git status -z -uall [187ms] (cancelled)
2023-04-02 11:43:43.636 [info] > git check-ignore -v -z --stdin [1ms]
2023-04-02 11:44:53.543 [info] > git fetch [1144ms]
2023-04-02 11:44:53.552 [info] > git config --get commit.template [3ms]
2023-04-02 11:44:53.552 [info] > git for-each-ref --format=%(refname)%00%(upstream:short)%00%(objectname)%00%(upstream:track)%00%(upstream:remotename)%00%(upstream:remoteref) refs/heads/master refs/remotes/master [1ms]
2023-04-02 11:44:53.688 [info] > git status -z -uall [133ms] (cancelled)
2023-04-02 11:46:01.892 [info] > git check-ignore -v -z --stdin [0ms]
