Visual Studio Code (1.77.0, wsl, desktop)
Jupyter Extension Version: 2023.3.1000892223.
Python Extension Version: 2023.6.0.
Workspace folder /home/lrb96/librerias_python
info 13:11:37.876: ZMQ loaded via fallback mechanism.
El usuario pertenece al grupo de experimentos 'jupyterEnhancedDataViewer'
El usuario pertenece al grupo de experimentos 'jupyterTest'
info 13:11:38.104: LSP Notebooks experiment is enabled
info 13:11:38.433: Starting Jupyter Session startUsingPythonInterpreter, .jvsc74a57bd0916dbcbb3f70747c44a77c7bcd40155683ae19c65e1c03b4aa3499c5328201f1./bin/python3./bin/python3.-m#ipykernel_launcher (Python Path: , EnvType: Unknown, EnvName: '', Version: 3.8.10 (default, Mar 13 2023, 10:26:41) 
[GCC 9.4.0]) for '/home/lrb96/librerias_python/cuadernos/pandas_platzi/1.Archivos_csv.ipynb' (disableUI=true)
warn 13:11:39.098: Failed to get activated env vars for /bin/python3 in 666ms
warn 13:11:39.098: Failed to get activated env vars for /bin/python3 in 663ms
warn 13:11:39.098: Failed to get activated env vars for /bin/python3 in 341ms
warn 13:11:39.098: Failed to get activated env vars for /bin/python3 in 340ms
info 13:11:39.113: Process Execution: > /bin/python3 -c "import site;print("USER_BASE_VALUE");print(site.USER_BASE);print("USER_BASE_VALUE");"
> /bin/python3 -c "import site;print("USER_BASE_VALUE");print(site.USER_BASE);print("USER_BASE_VALUE");"
error 13:11:39.133: Unable to determine site packages path for python /bin/python3 (Unknown)
error 13:11:39.134: Unable to determine site packages path for python /bin/python3 (Unknown)
error 13:11:39.134: Unable to determine site packages path for python /bin/python3 (Unknown)
error 13:11:39.134: Unable to determine site packages path for python /bin/python3 (Unknown)
info 13:11:39.142: Process Execution: > /bin/python3 -m pip list
> /bin/python3 -m pip list
info 13:11:39.148: Process Execution: > /bin/python3 -c "import ipykernel; print(ipykernel.__version__); print("5dc3a68c-e34e-4080-9c3e-2a532b2ccb4d"); print(ipykernel.__file__)"
> /bin/python3 -c "import ipykernel; print(ipykernel.__version__); print("5dc3a68c-e34e-4080-9c3e-2a532b2ccb4d"); print(ipykernel.__file__)"
info 13:11:39.175: Process Execution: > /bin/python3 -m ipykernel_launcher --ip=127.0.0.1 --stdin=9003 --control=9001 --hb=9000 --Session.signature_scheme="hmac-sha256" --Session.key=b"1479853a-219b-4c32-a8bc-ff928c5615f2" --shell=9002 --transport="tcp" --iopub=9004 --f=/home/lrb96/.local/share/jupyter/runtime/kernel-v2-12342aG2uOmVn6Zwr.json
> /bin/python3 -m ipykernel_launcher --ip=127.0.0.1 --stdin=9003 --control=9001 --hb=9000 --Session.signature_scheme="hmac-sha256" --Session.key=b"1479853a-219b-4c32-a8bc-ff928c5615f2" --shell=9002 --transport="tcp" --iopub=9004 --f=/home/lrb96/.local/share/jupyter/runtime/kernel-v2-12342aG2uOmVn6Zwr.json
info 13:11:39.175: Process Execution: cwd: ~/librerias_python/cuadernos/pandas_platzi
cwd: ~/librerias_python/cuadernos/pandas_platzi
info 13:11:39.400: ipykernel version & path 6.22.0, ~/.local/lib/python3.8/site-packages/ipykernel/__init__.py for /bin/python3
info 13:11:39.828: ZMQ loaded via fallback mechanism.
info 13:11:39.843: Started Kernel Python 3.8.10 (pid: 12537)
warn 13:11:39.949: Failed to get activated env vars for /bin/python3 in 70ms
error 13:11:39.949: Unable to determine site packages path for python /bin/python3 (Unknown)
info 13:11:39.956: Process Execution: > /bin/python3 ~/.vscode-server/extensions/ms-toolsai.jupyter-2023.3.1000892223/pythonFiles/printJupyterDataDir.py
> /bin/python3 ~/.vscode-server/extensions/ms-toolsai.jupyter-2023.3.1000892223/pythonFiles/printJupyterDataDir.py
info 13:12:00.758: Shutting down notebooks for d74dc874-a853-4772-9846-c50f966f1027
info 13:12:00.758: Disposing HostJupyterExecution 8bbb3ecf-f0f7-4d50-bde0-ebed56d2dab1
info 13:12:00.758: Dispose Kernel '/home/lrb96/librerias_python/cuadernos/pandas_platzi/1.Archivos_csv.ipynb' associated with '/home/lrb96/librerias_python/cuadernos/pandas_platzi/1.Archivos_csv.ipynb'
info 13:12:00.760: Dispose Kernel process 12537.
info 13:12:00.765: Disposing HostJupyterExecution 8bbb3ecf-f0f7-4d50-bde0-ebed56d2dab1
