2023-04-02 11:34:29.619 [info] Nivel de registro: Info
2023-04-02 11:34:29.619 [info] La validación encontró GIT en: “git“
2023-04-02 11:34:29.619 [info] Usando GIT “2.25.1” desde “git”
2023-04-02 11:34:29.619 [info] > git rev-parse --show-toplevel [4ms]
2023-04-02 11:34:29.619 [info] > git rev-parse --git-dir --git-common-dir [2ms]
2023-04-02 11:34:29.619 [info] Open repository: /home/lrb96
2023-04-02 11:34:29.619 [info] > git rev-parse --show-toplevel [3ms]
2023-04-02 11:34:29.619 [info] > git config --get commit.template [4ms]
2023-04-02 11:34:29.619 [info] > git rev-parse --show-toplevel [3ms]
2023-04-02 11:34:29.619 [info] > git for-each-ref --format=%(refname)%00%(upstream:short)%00%(objectname)%00%(upstream:track)%00%(upstream:remotename)%00%(upstream:remoteref) refs/heads/master refs/remotes/master [1ms]
2023-04-02 11:34:29.619 [info] > git rev-parse --show-toplevel [6ms]
2023-04-02 11:34:29.620 [info] > git rev-parse --show-toplevel [3ms]
2023-04-02 11:34:29.620 [info] > git rev-parse --show-toplevel [1ms]
2023-04-02 11:34:29.620 [info] > git rev-parse --show-toplevel [1ms]
2023-04-02 11:34:29.620 [info] > git status -z -uall [15ms]
2023-04-02 11:34:29.620 [info] > git config --get commit.template [3ms]
2023-04-02 11:34:29.620 [info] > git for-each-ref --format=%(refname)%00%(upstream:short)%00%(objectname)%00%(upstream:track)%00%(upstream:remotename)%00%(upstream:remoteref) refs/heads/master refs/remotes/master [330ms]
2023-04-02 11:34:29.631 [info] > git status -z -uall [16ms]
2023-04-02 11:34:30.100 [info] > git check-ignore -v -z --stdin [1ms]
2023-04-02 11:34:30.399 [info] > git fetch [1212ms]
2023-04-02 11:34:30.404 [info] > git config --get commit.template [0ms]
2023-04-02 11:34:30.408 [info] > git for-each-ref --format=%(refname)%00%(upstream:short)%00%(objectname)%00%(upstream:track)%00%(upstream:remotename)%00%(upstream:remoteref) refs/heads/master refs/remotes/master [0ms]
2023-04-02 11:34:30.422 [info] > git status -z -uall [12ms]
2023-04-02 11:34:34.025 [info] > git config --get commit.template [3ms]
2023-04-02 11:34:34.026 [info] > git for-each-ref --format=%(refname)%00%(upstream:short)%00%(objectname)%00%(upstream:track)%00%(upstream:remotename)%00%(upstream:remoteref) refs/heads/master refs/remotes/master [1ms]
2023-04-02 11:34:34.038 [info] > git status -z -uall [10ms]
2023-04-02 11:34:39.061 [info] > git config --get commit.template [3ms]
2023-04-02 11:34:39.062 [info] > git for-each-ref --format=%(refname)%00%(upstream:short)%00%(objectname)%00%(upstream:track)%00%(upstream:remotename)%00%(upstream:remoteref) refs/heads/master refs/remotes/master [0ms]
2023-04-02 11:34:39.074 [info] > git status -z -uall [10ms]
2023-04-02 11:34:58.325 [info] > git config --get commit.template [2ms]
2023-04-02 11:34:58.331 [info] > git for-each-ref --format=%(refname)%00%(upstream:short)%00%(objectname)%00%(upstream:track)%00%(upstream:remotename)%00%(upstream:remoteref) refs/heads/master refs/remotes/master [1ms]
2023-04-02 11:34:58.378 [info] > git status -z -uall [42ms] (cancelled)
2023-04-02 11:35:02.131 [info] > git check-ignore -v -z --stdin [1ms]
2023-04-02 11:35:05.387 [info] > git check-ignore -v -z --stdin [1ms]
2023-04-02 11:35:20.157 [info] > git check-ignore -v -z --stdin [1ms]
