[Info  - 5:21:12 PM] (15044) Pylance language server 2023.3.40 (pyright 04471971) starting
[Info  - 5:21:12 PM] (15044) Server root directory: /home/lrb96/.vscode-server/extensions/ms-python.vscode-pylance-2023.3.40/dist
[Info  - 5:21:12 PM] (15044) Starting service instance "librerias_python"
[Info  - 5:21:12 PM] (15044) Auto-indent enabled
[Info  - 5:21:12 PM] (15044) No configuration file found.
[Info  - 5:21:12 PM] (15044) No pyproject.toml file found.
[Info  - 5:21:12 PM] (15044) Setting pythonPath for service "librerias_python": "/bin/python3"
[Warn  - 5:21:12 PM] (15044) stubPath /home/lrb96/librerias_python/typings is not a valid directory.
[Info  - 5:21:12 PM] (15044) Assuming Python version 3.8
[Info  - 5:21:12 PM] (15044) Assuming Python platform Linux
[Info  - 5:21:12 PM] (15044) Searching for source files
[Info  - 5:21:12 PM] (15044) Auto-excluding /home/lrb96/librerias_python/ejercicios_python_platzi/venv
[Info  - 5:21:12 PM] (15044) Found 126 source files
[Info  - 5:21:13 PM] (15044) Background analysis(1) root directory: /home/lrb96/.vscode-server/extensions/ms-python.vscode-pylance-2023.3.40/dist
[Info  - 5:21:13 PM] (15044) Background analysis(1) started
[Info  - 5:21:13 PM] (15044) Indexer background runner(2) root directory: /home/lrb96/.vscode-server/extensions/ms-python.vscode-pylance-2023.3.40/dist (index)
[Info  - 5:21:13 PM] (15044) Indexing(2) started
[Info  - 5:21:13 PM] (15044) scanned(2) 199 files over 1 exec env
[Info  - 5:21:15 PM] (15044) indexed(2) 128 files over 1 exec env
[Info  - 5:21:15 PM] (15044) Indexing finished(2).
