2023-04-02 15:01:51.453 [info] Nivel de registro: Info
2023-04-02 15:01:51.453 [info] La validación encontró GIT en: “git“
2023-04-02 15:01:51.453 [info] Usando GIT “2.25.1” desde “git”
2023-04-02 15:01:51.453 [info] > git rev-parse --show-toplevel [9ms]
2023-04-02 15:01:51.453 [info] > git rev-parse --git-dir --git-common-dir [1ms]
2023-04-02 15:01:51.453 [info] Open repository: /home/lrb96
2023-04-02 15:01:51.453 [info] > git rev-parse --show-toplevel [13ms]
2023-04-02 15:01:51.453 [info] > git config --get commit.template [5ms]
2023-04-02 15:01:51.453 [info] > git rev-parse --show-toplevel [2ms]
2023-04-02 15:01:51.453 [info] > git rev-parse --show-toplevel [5ms]
2023-04-02 15:01:51.453 [info] > git rev-parse --show-toplevel [2ms]
2023-04-02 15:01:51.453 [info] > git for-each-ref --format=%(refname)%00%(upstream:short)%00%(objectname)%00%(upstream:track)%00%(upstream:remotename)%00%(upstream:remoteref) refs/heads/master refs/remotes/master [11ms]
2023-04-02 15:01:51.453 [info] > git status -z -uall [150ms]
2023-04-02 15:01:51.453 [info] > git config --get commit.template [10ms]
2023-04-02 15:01:51.453 [info] > git for-each-ref --format=%(refname)%00%(upstream:short)%00%(objectname)%00%(upstream:track)%00%(upstream:remotename)%00%(upstream:remoteref) refs/heads/master refs/remotes/master [2ms]
2023-04-02 15:01:51.478 [info] > git status -z -uall [67ms]
2023-04-02 15:01:51.647 [info] > git check-ignore -v -z --stdin [6ms]
2023-04-02 15:02:29.283 [info] > git fetch [1251ms]
2023-04-02 15:02:29.288 [info] > git config --get commit.template [2ms]
2023-04-02 15:02:29.288 [info] > git for-each-ref --format=%(refname)%00%(upstream:short)%00%(objectname)%00%(upstream:track)%00%(upstream:remotename)%00%(upstream:remoteref) refs/heads/master refs/remotes/master [1ms]
2023-04-02 15:02:29.334 [info] > git status -z -uall [44ms]
2023-04-02 15:02:32.338 [info] > git config --get commit.template [5ms]
2023-04-02 15:02:32.338 [info] > git for-each-ref --format=%(refname)%00%(upstream:short)%00%(objectname)%00%(upstream:track)%00%(upstream:remotename)%00%(upstream:remoteref) refs/heads/master refs/remotes/master [2ms]
2023-04-02 15:02:32.378 [info] > git status -z -uall [37ms]
2023-04-02 15:02:35.519 [info] > git check-ignore -v -z --stdin [14ms]
2023-04-02 15:02:37.388 [info] > git config --get commit.template [3ms]
2023-04-02 15:02:37.388 [info] > git for-each-ref --format=%(refname)%00%(upstream:short)%00%(objectname)%00%(upstream:track)%00%(upstream:remotename)%00%(upstream:remoteref) refs/heads/master refs/remotes/master [1ms]
2023-04-02 15:02:37.430 [info] > git status -z -uall [40ms]
2023-04-02 15:02:38.993 [info] > git check-ignore -v -z --stdin [8ms]
2023-04-02 15:02:42.451 [info] > git config --get commit.template [9ms]
2023-04-02 15:02:42.452 [info] > git for-each-ref --format=%(refname)%00%(upstream:short)%00%(objectname)%00%(upstream:track)%00%(upstream:remotename)%00%(upstream:remoteref) refs/heads/master refs/remotes/master [2ms]
2023-04-02 15:02:42.522 [info] > git status -z -uall [63ms]
2023-04-02 15:02:58.895 [info] > git config --get commit.template [2ms]
2023-04-02 15:02:58.899 [info] > git for-each-ref --format=%(refname)%00%(upstream:short)%00%(objectname)%00%(upstream:track)%00%(upstream:remotename)%00%(upstream:remoteref) refs/heads/master refs/remotes/master [0ms]
2023-04-02 15:02:58.948 [info] > git status -z -uall [45ms]
2023-04-02 15:03:03.959 [info] > git config --get commit.template [5ms]
2023-04-02 15:03:03.959 [info] > git for-each-ref --format=%(refname)%00%(upstream:short)%00%(objectname)%00%(upstream:track)%00%(upstream:remotename)%00%(upstream:remoteref) refs/heads/master refs/remotes/master [1ms]
2023-04-02 15:03:04.009 [info] > git status -z -uall [46ms]
2023-04-02 15:03:09.017 [info] > git config --get commit.template [1ms]
2023-04-02 15:03:09.020 [info] > git for-each-ref --format=%(refname)%00%(upstream:short)%00%(objectname)%00%(upstream:track)%00%(upstream:remotename)%00%(upstream:remoteref) refs/heads/master refs/remotes/master [0ms]
2023-04-02 15:03:09.061 [info] > git status -z -uall [38ms]
2023-04-02 15:03:14.073 [info] > git config --get commit.template [3ms]
2023-04-02 15:03:14.073 [info] > git for-each-ref --format=%(refname)%00%(upstream:short)%00%(objectname)%00%(upstream:track)%00%(upstream:remotename)%00%(upstream:remoteref) refs/heads/master refs/remotes/master [0ms]
2023-04-02 15:03:14.114 [info] > git status -z -uall [38ms]
2023-04-02 15:03:19.128 [info] > git config --get commit.template [3ms]
2023-04-02 15:03:19.128 [info] > git for-each-ref --format=%(refname)%00%(upstream:short)%00%(objectname)%00%(upstream:track)%00%(upstream:remotename)%00%(upstream:remoteref) refs/heads/master refs/remotes/master [0ms]
2023-04-02 15:03:19.168 [info] > git status -z -uall [37ms]
2023-04-02 15:03:24.176 [info] > git config --get commit.template [1ms]
2023-04-02 15:03:24.180 [info] > git for-each-ref --format=%(refname)%00%(upstream:short)%00%(objectname)%00%(upstream:track)%00%(upstream:remotename)%00%(upstream:remoteref) refs/heads/master refs/remotes/master [0ms]
2023-04-02 15:03:24.225 [info] > git status -z -uall [42ms]
