2023-04-02 17:08:40.174 [info] Nivel de registro: Info
2023-04-02 17:08:40.174 [info] La validación encontró GIT en: “git“
2023-04-02 17:08:40.174 [info] Usando GIT “2.25.1” desde “git”
2023-04-02 17:08:40.178 [info] > git rev-parse --show-toplevel [222ms]
2023-04-02 17:08:40.193 [info] > git rev-parse --git-dir --git-common-dir [11ms]
2023-04-02 17:08:40.200 [info] Open repository: /home/lrb96
2023-04-02 17:08:40.530 [info] > git rev-parse --show-toplevel [324ms]
2023-04-02 17:08:40.610 [info] > git rev-parse --show-toplevel [74ms]
2023-04-02 17:08:40.616 [info] > git config --get commit.template [122ms]
2023-04-02 17:08:40.641 [info] > git rev-parse --show-toplevel [26ms]
2023-04-02 17:08:40.686 [info] > git for-each-ref --format=%(refname)%00%(upstream:short)%00%(objectname)%00%(upstream:track)%00%(upstream:remotename)%00%(upstream:remoteref) refs/heads/master refs/remotes/master [18ms]
2023-04-02 17:08:40.693 [info] > git rev-parse --show-toplevel [46ms]
2023-04-02 17:08:40.924 [info] > git status -z -uall [231ms]
2023-04-02 17:08:40.969 [info] > git config --get commit.template [23ms]
2023-04-02 17:08:41.042 [info] > git for-each-ref --format=%(refname)%00%(upstream:short)%00%(objectname)%00%(upstream:track)%00%(upstream:remotename)%00%(upstream:remoteref) refs/heads/master refs/remotes/master [42ms]
2023-04-02 17:08:41.109 [info] > git check-ignore -v -z --stdin [27ms]
2023-04-02 17:08:41.116 [info] > git status -z -uall [68ms]
2023-04-02 17:12:07.583 [info] > git config --get commit.template [1ms]
2023-04-02 17:12:07.589 [info] > git for-each-ref --format=%(refname)%00%(upstream:short)%00%(objectname)%00%(upstream:track)%00%(upstream:remotename)%00%(upstream:remoteref) refs/heads/master refs/remotes/master [1ms]
2023-04-02 17:12:07.639 [info] > git status -z -uall [44ms]
2023-04-02 17:12:08.735 [info] > git fetch [1162ms]
2023-04-02 17:12:08.742 [info] > git config --get commit.template [3ms]
2023-04-02 17:12:08.742 [info] > git for-each-ref --format=%(refname)%00%(upstream:short)%00%(objectname)%00%(upstream:track)%00%(upstream:remotename)%00%(upstream:remoteref) refs/heads/master refs/remotes/master [1ms]
2023-04-02 17:12:08.788 [info] > git status -z -uall [43ms]
2023-04-02 17:12:12.648 [info] > git config --get commit.template [1ms]
2023-04-02 17:12:12.653 [info] > git for-each-ref --format=%(refname)%00%(upstream:short)%00%(objectname)%00%(upstream:track)%00%(upstream:remotename)%00%(upstream:remoteref) refs/heads/master refs/remotes/master [0ms]
2023-04-02 17:12:12.701 [info] > git status -z -uall [44ms]
2023-04-02 17:12:19.334 [info] > git config --get commit.template [6ms]
2023-04-02 17:12:19.334 [info] > git for-each-ref --format=%(refname)%00%(upstream:short)%00%(objectname)%00%(upstream:track)%00%(upstream:remotename)%00%(upstream:remoteref) refs/heads/master refs/remotes/master [2ms]
2023-04-02 17:12:19.376 [info] > git status -z -uall [39ms]
2023-04-02 17:12:24.385 [info] > git config --get commit.template [3ms]
2023-04-02 17:12:24.386 [info] > git for-each-ref --format=%(refname)%00%(upstream:short)%00%(objectname)%00%(upstream:track)%00%(upstream:remotename)%00%(upstream:remoteref) refs/heads/master refs/remotes/master [0ms]
2023-04-02 17:12:24.428 [info] > git status -z -uall [38ms]
2023-04-02 17:12:31.336 [info] > git config --get commit.template [4ms]
2023-04-02 17:12:31.336 [info] > git for-each-ref --format=%(refname)%00%(upstream:short)%00%(objectname)%00%(upstream:track)%00%(upstream:remotename)%00%(upstream:remoteref) refs/heads/master refs/remotes/master [1ms]
2023-04-02 17:12:31.376 [info] > git status -z -uall [37ms]
2023-04-02 17:12:36.386 [info] > git config --get commit.template [4ms]
2023-04-02 17:12:36.386 [info] > git for-each-ref --format=%(refname)%00%(upstream:short)%00%(objectname)%00%(upstream:track)%00%(upstream:remotename)%00%(upstream:remoteref) refs/heads/master refs/remotes/master [0ms]
2023-04-02 17:12:36.429 [info] > git status -z -uall [39ms]
2023-04-02 17:12:41.439 [info] > git config --get commit.template [4ms]
2023-04-02 17:12:41.440 [info] > git for-each-ref --format=%(refname)%00%(upstream:short)%00%(objectname)%00%(upstream:track)%00%(upstream:remotename)%00%(upstream:remoteref) refs/heads/master refs/remotes/master [2ms]
2023-04-02 17:12:41.479 [info] > git status -z -uall [37ms]
2023-04-02 17:12:46.487 [info] > git config --get commit.template [0ms]
2023-04-02 17:12:46.492 [info] > git for-each-ref --format=%(refname)%00%(upstream:short)%00%(objectname)%00%(upstream:track)%00%(upstream:remotename)%00%(upstream:remoteref) refs/heads/master refs/remotes/master [2ms]
2023-04-02 17:12:46.533 [info] > git status -z -uall [38ms]
2023-04-02 17:12:51.543 [info] > git config --get commit.template [4ms]
2023-04-02 17:12:51.543 [info] > git for-each-ref --format=%(refname)%00%(upstream:short)%00%(objectname)%00%(upstream:track)%00%(upstream:remotename)%00%(upstream:remoteref) refs/heads/master refs/remotes/master [0ms]
2023-04-02 17:12:51.584 [info] > git status -z -uall [38ms]
2023-04-02 17:12:56.595 [info] > git config --get commit.template [4ms]
2023-04-02 17:12:56.612 [info] > git for-each-ref --format=%(refname)%00%(upstream:short)%00%(objectname)%00%(upstream:track)%00%(upstream:remotename)%00%(upstream:remoteref) refs/heads/master refs/remotes/master [18ms]
2023-04-02 17:12:56.652 [info] > git status -z -uall [37ms]
2023-04-02 17:13:01.665 [info] > git config --get commit.template [4ms]
2023-04-02 17:13:01.666 [info] > git for-each-ref --format=%(refname)%00%(upstream:short)%00%(objectname)%00%(upstream:track)%00%(upstream:remotename)%00%(upstream:remoteref) refs/heads/master refs/remotes/master [1ms]
2023-04-02 17:13:01.715 [info] > git status -z -uall [45ms]
2023-04-02 17:13:09.352 [info] > git for-each-ref --format=%(refname)%00%(upstream:short)%00%(objectname)%00%(upstream:track)%00%(upstream:remotename)%00%(upstream:remoteref) refs/heads/master refs/remotes/master [3ms]
2023-04-02 17:13:09.353 [info] > git config --get commit.template [10ms]
2023-04-02 17:13:09.412 [info] > git status -z -uall [55ms]
2023-04-02 17:13:12.384 [info] > git check-ignore -v -z --stdin [12ms]
2023-04-02 17:13:14.562 [info] > git config --get commit.template [7ms]
2023-04-02 17:13:14.563 [info] > git for-each-ref --format=%(refname)%00%(upstream:short)%00%(objectname)%00%(upstream:track)%00%(upstream:remotename)%00%(upstream:remoteref) refs/heads/master refs/remotes/master [1ms]
2023-04-02 17:13:14.625 [info] > git status -z -uall [56ms]
2023-04-02 17:14:19.501 [info] > git config --get commit.template [0ms]
2023-04-02 17:14:19.508 [info] > git for-each-ref --format=%(refname)%00%(upstream:short)%00%(objectname)%00%(upstream:track)%00%(upstream:remotename)%00%(upstream:remoteref) refs/heads/master refs/remotes/master [0ms]
2023-04-02 17:14:19.562 [info] > git status -z -uall [51ms]
2023-04-02 17:14:29.265 [info] > git config --get commit.template [1ms]
2023-04-02 17:14:29.271 [info] > git for-each-ref --format=%(refname)%00%(upstream:short)%00%(objectname)%00%(upstream:track)%00%(upstream:remotename)%00%(upstream:remoteref) refs/heads/master refs/remotes/master [1ms]
2023-04-02 17:14:29.331 [info] > git status -z -uall [55ms]
