[Info  - 5:08:41 PM] (270) Pylance language server 2023.3.40 (pyright 04471971) starting
[Info  - 5:08:41 PM] (270) Server root directory: /home/lrb96/.vscode-server/extensions/ms-python.vscode-pylance-2023.3.40/dist
[Info  - 5:08:41 PM] (270) Starting service instance "librerias_python"
[Info  - 5:08:41 PM] (270) Auto-indent enabled
[Info  - 5:08:41 PM] (270) No configuration file found.
[Info  - 5:08:41 PM] (270) No pyproject.toml file found.
[Info  - 5:08:41 PM] (270) Setting pythonPath for service "librerias_python": "/bin/python3"
[Warn  - 5:08:41 PM] (270) stubPath /home/lrb96/librerias_python/typings is not a valid directory.
[Info  - 5:08:41 PM] (270) Assuming Python version 3.8
[Info  - 5:08:41 PM] (270) Assuming Python platform Linux
[Info  - 5:08:41 PM] (270) Searching for source files
[Info  - 5:08:41 PM] (270) Auto-excluding /home/lrb96/librerias_python/ejercicios_python_platzi/venv
[Info  - 5:08:41 PM] (270) Found 126 source files
[Info  - 5:08:42 PM] (270) Background analysis(1) root directory: /home/lrb96/.vscode-server/extensions/ms-python.vscode-pylance-2023.3.40/dist
[Info  - 5:08:42 PM] (270) Background analysis(1) started
[Info  - 5:08:42 PM] (270) Indexer background runner(2) root directory: /home/lrb96/.vscode-server/extensions/ms-python.vscode-pylance-2023.3.40/dist (index)
[Info  - 5:08:42 PM] (270) Indexing(2) started
[Info  - 5:08:42 PM] (270) scanned(2) 104 files over 1 exec env
[Info  - 5:08:44 PM] (270) indexed(2) 59 files over 1 exec env
[Info  - 5:08:44 PM] (270) Indexing finished(2).
[Info  - 5:11:53 PM] (270) Indexer background runner(3) root directory: /home/lrb96/.vscode-server/extensions/ms-python.vscode-pylance-2023.3.40/dist (refresh)
[Info  - 5:11:53 PM] (270) Indexing(3) started
[Info  - 5:11:53 PM] (270) scanned(3) 104 files over 1 exec env
[Info  - 5:11:55 PM] (270) indexed(3) 59 files over 1 exec env
[Info  - 5:11:55 PM] (270) Indexing finished(3).
