[Info  - 11:48:10 AM] (11069) Pylance language server 2023.3.40 (pyright 04471971) starting
[Info  - 11:48:10 AM] (11069) Server root directory: /home/lrb96/.vscode-server/extensions/ms-python.vscode-pylance-2023.3.40/dist
[Info  - 11:48:10 AM] (11069) Starting service instance "librerias_python"
[Info  - 11:48:10 AM] (11069) Auto-indent enabled
[Info  - 11:48:10 AM] (11069) No configuration file found.
[Info  - 11:48:10 AM] (11069) No pyproject.toml file found.
[Info  - 11:48:10 AM] (11069) Setting pythonPath for service "librerias_python": "/bin/python3"
[Warn  - 11:48:10 AM] (11069) stubPath /home/lrb96/librerias_python/typings is not a valid directory.
[Info  - 11:48:10 AM] (11069) Assuming Python version 3.8
[Info  - 11:48:10 AM] (11069) Assuming Python platform Linux
[Info  - 11:48:10 AM] (11069) Searching for source files
[Info  - 11:48:10 AM] (11069) Auto-excluding /home/lrb96/librerias_python/ejercicios_python_platzi/venv
[Info  - 11:48:10 AM] (11069) Found 156 source files
[Info  - 11:48:10 AM] (11069) Background analysis(1) root directory: /home/lrb96/.vscode-server/extensions/ms-python.vscode-pylance-2023.3.40/dist
[Info  - 11:48:10 AM] (11069) Background analysis(1) started
[Info  - 11:48:11 AM] (11069) Indexer background runner(2) root directory: /home/lrb96/.vscode-server/extensions/ms-python.vscode-pylance-2023.3.40/dist (index)
[Info  - 11:48:11 AM] (11069) Indexing(2) started
[Info  - 11:48:11 AM] (11069) scanned(2) 104 files over 1 exec env
[Info  - 11:48:12 AM] (11069) indexed(2) 59 files over 1 exec env
[Info  - 11:48:12 AM] (11069) Indexing finished(2).
