[Info  - 11:39:35 AM] (10530) Pylance language server 2023.3.40 (pyright 04471971) starting
[Info  - 11:39:35 AM] (10530) Server root directory: /home/lrb96/.vscode-server/extensions/ms-python.vscode-pylance-2023.3.40/dist
[Info  - 11:39:35 AM] (10530) Starting service instance "librerias_python"
[Info  - 11:39:35 AM] (10530) Auto-indent enabled
[Info  - 11:39:35 AM] (10530) No configuration file found.
[Info  - 11:39:35 AM] (10530) No pyproject.toml file found.
[Info  - 11:39:35 AM] (10530) Setting pythonPath for service "librerias_python": "/bin/python3"
[Warn  - 11:39:35 AM] (10530) stubPath /home/lrb96/librerias_python/typings is not a valid directory.
[Info  - 11:39:35 AM] (10530) Assuming Python version 3.8
[Info  - 11:39:35 AM] (10530) Assuming Python platform Linux
[Info  - 11:39:35 AM] (10530) Searching for source files
[Info  - 11:39:35 AM] (10530) Auto-excluding /home/lrb96/librerias_python/ejercicios_python_platzi/venv
[Info  - 11:39:35 AM] (10530) Found 156 source files
[Info  - 11:39:36 AM] (10530) Background analysis(1) root directory: /home/lrb96/.vscode-server/extensions/ms-python.vscode-pylance-2023.3.40/dist
[Info  - 11:39:36 AM] (10530) Background analysis(1) started
[Info  - 11:39:36 AM] (10530) Indexer background runner(2) root directory: /home/lrb96/.vscode-server/extensions/ms-python.vscode-pylance-2023.3.40/dist (index)
[Info  - 11:39:36 AM] (10530) Indexing(2) started
[Info  - 11:39:36 AM] (10530) scanned(2) 101 files over 1 exec env
[Info  - 11:39:37 AM] (10530) indexed(2) 56 files over 1 exec env
[Info  - 11:39:37 AM] (10530) Indexing finished(2).
[Info  - 11:40:11 AM] (10530) Indexer background runner(3) root directory: /home/lrb96/.vscode-server/extensions/ms-python.vscode-pylance-2023.3.40/dist (refresh)
[Info  - 11:40:11 AM] (10530) Indexing(3) started
[Info  - 11:40:11 AM] (10530) scanned(3) 104 files over 1 exec env
[Info  - 11:40:12 AM] (10530) indexed(3) 59 files over 1 exec env
[Info  - 11:40:12 AM] (10530) Indexing finished(3).
