2023-04-02 13:11:08.022 [info] Nivel de registro: Info
2023-04-02 13:11:08.022 [info] La validación encontró GIT en: “git“
2023-04-02 13:11:08.022 [info] Usando GIT “2.25.1” desde “git”
2023-04-02 13:11:08.022 [info] > git rev-parse --show-toplevel [5ms]
2023-04-02 13:11:08.023 [info] > git rev-parse --git-dir --git-common-dir [2ms]
2023-04-02 13:11:08.023 [info] Open repository: /home/lrb96
2023-04-02 13:11:08.023 [info] > git rev-parse --show-toplevel [21ms]
2023-04-02 13:11:08.023 [info] > git rev-parse --show-toplevel [4ms]
2023-04-02 13:11:08.023 [info] > git config --get commit.template [26ms]
2023-04-02 13:11:08.023 [info] > git rev-parse --show-toplevel [40ms]
2023-04-02 13:11:08.023 [info] > git rev-parse --show-toplevel [7ms]
2023-04-02 13:11:08.023 [info] > git for-each-ref --format=%(refname)%00%(upstream:short)%00%(objectname)%00%(upstream:track)%00%(upstream:remotename)%00%(upstream:remoteref) refs/heads/master refs/remotes/master [7ms]
2023-04-02 13:11:08.065 [info] > git status -z -uall [44ms]
2023-04-02 13:11:08.079 [info] > git config --get commit.template [4ms]
2023-04-02 13:11:08.083 [info] > git for-each-ref --format=%(refname)%00%(upstream:short)%00%(objectname)%00%(upstream:track)%00%(upstream:remotename)%00%(upstream:remoteref) refs/heads/master refs/remotes/master [2ms]
2023-04-02 13:11:08.144 [info] > git status -z -uall [54ms]
2023-04-02 13:11:08.451 [info] > git check-ignore -v -z --stdin [7ms]
2023-04-02 13:11:10.896 [info] > git fetch [1241ms]
2023-04-02 13:11:10.896 [info] Warning: Permanently added the ECDSA host key for IP address '140.82.112.3' to the list of known hosts.
2023-04-02 13:11:10.902 [info] > git config --get commit.template [3ms]
2023-04-02 13:11:10.902 [info] > git for-each-ref --format=%(refname)%00%(upstream:short)%00%(objectname)%00%(upstream:track)%00%(upstream:remotename)%00%(upstream:remoteref) refs/heads/master refs/remotes/master [1ms]
2023-04-02 13:11:10.948 [info] > git status -z -uall [44ms]
2023-04-02 13:11:33.488 [info] > git config --get commit.template [5ms]
2023-04-02 13:11:33.488 [info] > git for-each-ref --format=%(refname)%00%(upstream:short)%00%(objectname)%00%(upstream:track)%00%(upstream:remotename)%00%(upstream:remoteref) refs/heads/master refs/remotes/master [2ms]
2023-04-02 13:11:33.533 [info] > git status -z -uall [41ms]
2023-04-02 13:11:35.554 [info] > git check-ignore -v -z --stdin [7ms]
2023-04-02 13:11:36.861 [info] > git check-ignore -v -z --stdin [8ms]
2023-04-02 13:11:38.756 [info] > git config --get commit.template [15ms]
2023-04-02 13:11:38.805 [info] > git for-each-ref --format=%(refname)%00%(upstream:short)%00%(objectname)%00%(upstream:track)%00%(upstream:remotename)%00%(upstream:remoteref) refs/heads/master refs/remotes/master [16ms]
2023-04-02 13:11:38.900 [info] > git status -z -uall [88ms]
2023-04-02 13:11:43.914 [info] > git config --get commit.template [5ms]
2023-04-02 13:11:43.915 [info] > git for-each-ref --format=%(refname)%00%(upstream:short)%00%(objectname)%00%(upstream:track)%00%(upstream:remotename)%00%(upstream:remoteref) refs/heads/master refs/remotes/master [1ms]
2023-04-02 13:11:43.958 [info] > git status -z -uall [40ms]
2023-04-02 13:11:48.972 [info] > git config --get commit.template [5ms]
2023-04-02 13:11:48.972 [info] > git for-each-ref --format=%(refname)%00%(upstream:short)%00%(objectname)%00%(upstream:track)%00%(upstream:remotename)%00%(upstream:remoteref) refs/heads/master refs/remotes/master [1ms]
2023-04-02 13:11:49.015 [info] > git status -z -uall [39ms]
2023-04-02 13:11:54.028 [info] > git config --get commit.template [4ms]
2023-04-02 13:11:54.028 [info] > git for-each-ref --format=%(refname)%00%(upstream:short)%00%(objectname)%00%(upstream:track)%00%(upstream:remotename)%00%(upstream:remoteref) refs/heads/master refs/remotes/master [0ms]
2023-04-02 13:11:54.081 [info] > git status -z -uall [44ms]
2023-04-02 13:11:56.772 [info] > git check-ignore -v -z --stdin [4ms]
2023-04-02 13:11:59.092 [info] > git config --get commit.template [3ms]
2023-04-02 13:11:59.092 [info] > git for-each-ref --format=%(refname)%00%(upstream:short)%00%(objectname)%00%(upstream:track)%00%(upstream:remotename)%00%(upstream:remoteref) refs/heads/master refs/remotes/master [1ms]
2023-04-02 13:11:59.134 [info] > git status -z -uall [38ms]
